android/app/build/intermediates/manifest_merge_blame_file/release/manifest-merger-blame-release-report.txt
1<?xml version="1.0" encoding="utf-8"?>
2<manifest xmlns:android="http://schemas.android.com/apk/res/android"
3    package="com.project.manage"
4    android:versionCode="1"
5    android:versionName="1.0.0" >
6
7    <uses-sdk
8        android:minSdkVersion="21"
8-->src\main\AndroidManifest.xml
9        android:targetSdkVersion="30" />
9-->src\main\AndroidManifest.xml
10
11    <uses-permission android:name="android.permission.INTERNET" />
11-->src\main\AndroidManifest.xml:2:3-64
11-->src\main\AndroidManifest.xml:2:20-62
12    <uses-permission android:name="android.permission.READ_EXTERNAL_STORAGE" />
12-->src\main\AndroidManifest.xml:3:3-77
12-->src\main\AndroidManifest.xml:3:20-75
13    <uses-permission android:name="android.permission.SYSTEM_ALERT_WINDOW" />
13-->src\main\AndroidManifest.xml:4:3-75
13-->src\main\AndroidManifest.xml:4:20-73
14    <uses-permission android:name="android.permission.VIBRATE" />
14-->src\main\AndroidManifest.xml:5:3-63
14-->src\main\AndroidManifest.xml:5:20-61
15    <uses-permission android:name="android.permission.WRITE_EXTERNAL_STORAGE" />
15-->src\main\AndroidManifest.xml:6:3-78
15-->src\main\AndroidManifest.xml:6:20-76
16
17    <queries>
17-->src\main\AndroidManifest.xml:7:3-13:13
18        <intent>
18-->src\main\AndroidManifest.xml:8:5-12:14
19            <action android:name="android.intent.action.VIEW" />
19-->src\main\AndroidManifest.xml:9:7-58
19-->src\main\AndroidManifest.xml:9:15-56
20
21            <category android:name="android.intent.category.BROWSABLE" />
21-->src\main\AndroidManifest.xml:10:7-67
21-->src\main\AndroidManifest.xml:10:17-65
22
23            <data android:scheme="https" />
23-->src\main\AndroidManifest.xml:11:7-37
23-->src\main\AndroidManifest.xml:11:13-35
24        </intent>
25        <!-- Query open documents -->
26        <intent>
26-->[:expo-file-system] AndroidManifest.xml:19:9-21:18
27            <action android:name="android.intent.action.OPEN_DOCUMENT_TREE" />
27-->[:expo-file-system] AndroidManifest.xml:20:13-79
27-->[:expo-file-system] AndroidManifest.xml:20:21-76
28        </intent>
29    </queries>
30
31    <uses-permission android:name="android.permission.ACCESS_NETWORK_STATE" />
31-->[:expo-updates] AndroidManifest.xml:11:5-79
31-->[:expo-updates] AndroidManifest.xml:11:22-76
32    <uses-permission android:name="com.google.android.finsky.permission.BIND_GET_INSTALL_REFERRER_SERVICE" />
32-->[com.android.installreferrer:installreferrer:1.0] AndroidManifest.xml:9:5-110
32-->[com.android.installreferrer:installreferrer:1.0] AndroidManifest.xml:9:22-107
33
34    <application
34-->src\main\AndroidManifest.xml:14:3-33:17
35        android:name="com.project.manage.MainApplication"
35-->src\main\AndroidManifest.xml:14:16-47
36        android:allowBackup="true"
36-->src\main\AndroidManifest.xml:14:162-188
37        android:appComponentFactory="androidx.core.app.CoreComponentFactory"
37-->[androidx.core:core:1.6.0] AndroidManifest.xml:24:18-86
38        android:icon="@mipmap/ic_launcher"
38-->src\main\AndroidManifest.xml:14:81-115
39        android:label="@string/app_name"
39-->src\main\AndroidManifest.xml:14:48-80
40        android:roundIcon="@mipmap/ic_launcher_round"
40-->src\main\AndroidManifest.xml:14:116-161
41        android:theme="@style/AppTheme"
41-->src\main\AndroidManifest.xml:14:189-220
42        android:usesCleartextTraffic="true" >
42-->src\main\AndroidManifest.xml:14:221-256
43        <meta-data
43-->src\main\AndroidManifest.xml:15:5-82
44            android:name="expo.modules.updates.ENABLED"
44-->src\main\AndroidManifest.xml:15:16-59
45            android:value="true" />
45-->src\main\AndroidManifest.xml:15:60-80
46        <meta-data
46-->src\main\AndroidManifest.xml:16:5-93
47            android:name="expo.modules.updates.EXPO_SDK_VERSION"
47-->src\main\AndroidManifest.xml:16:16-68
48            android:value="44.0.0" />
48-->src\main\AndroidManifest.xml:16:69-91
49        <meta-data
49-->src\main\AndroidManifest.xml:17:5-105
50            android:name="expo.modules.updates.EXPO_UPDATES_CHECK_ON_LAUNCH"
50-->src\main\AndroidManifest.xml:17:16-80
51            android:value="ALWAYS" />
51-->src\main\AndroidManifest.xml:17:81-103
52        <meta-data
52-->src\main\AndroidManifest.xml:18:5-99
53            android:name="expo.modules.updates.EXPO_UPDATES_LAUNCH_WAIT_MS"
53-->src\main\AndroidManifest.xml:18:16-79
54            android:value="0" />
54-->src\main\AndroidManifest.xml:18:80-97
55        <meta-data
55-->src\main\AndroidManifest.xml:19:5-128
56            android:name="expo.modules.updates.EXPO_UPDATE_URL"
56-->src\main\AndroidManifest.xml:19:16-67
57            android:value="https://exp.host/@anonymous/WorkersManager" />
57-->src\main\AndroidManifest.xml:19:68-126
58
59        <activity
59-->src\main\AndroidManifest.xml:20:5-31:16
60            android:name="com.project.manage.MainActivity"
60-->src\main\AndroidManifest.xml:20:15-43
61            android:configChanges="keyboard|keyboardHidden|orientation|screenSize|uiMode"
61-->src\main\AndroidManifest.xml:20:77-154
62            android:label="@string/app_name"
62-->src\main\AndroidManifest.xml:20:44-76
63            android:launchMode="singleTask"
63-->src\main\AndroidManifest.xml:20:155-186
64            android:screenOrientation="portrait"
64-->src\main\AndroidManifest.xml:20:276-312
65            android:theme="@style/Theme.App.SplashScreen"
65-->src\main\AndroidManifest.xml:20:230-275
66            android:windowSoftInputMode="adjustResize" >
66-->src\main\AndroidManifest.xml:20:187-229
67            <intent-filter>
67-->src\main\AndroidManifest.xml:21:7-24:23
68                <action android:name="android.intent.action.MAIN" />
68-->src\main\AndroidManifest.xml:22:9-60
68-->src\main\AndroidManifest.xml:22:17-58
69
70                <category android:name="android.intent.category.LAUNCHER" />
70-->src\main\AndroidManifest.xml:23:9-68
70-->src\main\AndroidManifest.xml:23:19-66
71            </intent-filter>
72            <intent-filter>
72-->src\main\AndroidManifest.xml:25:7-30:23
73                <action android:name="android.intent.action.VIEW" />
73-->src\main\AndroidManifest.xml:9:7-58
73-->src\main\AndroidManifest.xml:9:15-56
74
75                <category android:name="android.intent.category.DEFAULT" />
75-->src\main\AndroidManifest.xml:27:9-67
75-->src\main\AndroidManifest.xml:27:19-65
76                <category android:name="android.intent.category.BROWSABLE" />
76-->src\main\AndroidManifest.xml:10:7-67
76-->src\main\AndroidManifest.xml:10:17-65
77
78                <data android:scheme="com.project.manage" />
78-->src\main\AndroidManifest.xml:11:7-37
78-->src\main\AndroidManifest.xml:11:13-35
79            </intent-filter>
80        </activity>
81        <activity android:name="com.facebook.react.devsupport.DevSettingsActivity" />
81-->src\main\AndroidManifest.xml:32:5-81
81-->src\main\AndroidManifest.xml:32:15-79
82
83        <provider
83-->[:expo-file-system] AndroidManifest.xml:25:9-34:20
84            android:name="expo.modules.filesystem.FileSystemFileProvider"
84-->[:expo-file-system] AndroidManifest.xml:26:13-74
85            android:authorities="com.project.manage.FileSystemFileProvider"
85-->[:expo-file-system] AndroidManifest.xml:27:13-74
86            android:exported="false"
86-->[:expo-file-system] AndroidManifest.xml:28:13-37
87            android:grantUriPermissions="true" >
87-->[:expo-file-system] AndroidManifest.xml:29:13-47
88            <meta-data
88-->[:expo-file-system] AndroidManifest.xml:31:13-33:70
89                android:name="android.support.FILE_PROVIDER_PATHS"
89-->[:expo-file-system] AndroidManifest.xml:32:17-67
90                android:resource="@xml/file_system_provider_paths" />
90-->[:expo-file-system] AndroidManifest.xml:33:17-67
91        </provider>
92
93        <meta-data
93-->[:expo-modules-core] AndroidManifest.xml:12:9-14:89
94            android:name="org.unimodules.core.AppLoader#react-native-headless"
94-->[:expo-modules-core] AndroidManifest.xml:13:13-79
95            android:value="expo.modules.adapters.react.apploader.RNHeadlessAppLoader" />
95-->[:expo-modules-core] AndroidManifest.xml:14:13-86
96
97        <service
97-->[androidx.room:room-runtime:2.3.0] AndroidManifest.xml:25:9-28:40
98            android:name="androidx.room.MultiInstanceInvalidationService"
98-->[androidx.room:room-runtime:2.3.0] AndroidManifest.xml:26:13-74
99            android:directBootAware="true"
99-->[androidx.room:room-runtime:2.3.0] AndroidManifest.xml:27:13-43
100            android:exported="false" />
100-->[androidx.room:room-runtime:2.3.0] AndroidManifest.xml:28:13-37
101    </application>
102
103</manifest>